[debug] ----------------------------------------------------------------------
[debug] Command:      /usr/bin/nodejs /usr/bin/firebase deploy
[debug] CLI Version:  3.2.1
[debug] Platform:     linux
[debug] Node Version: v7.5.0
[debug] Time:         Tue Feb 07 2017 11:19:40 GMT-0500 (COT)
[debug] ----------------------------------------------------------------------
[debug] 
[debug] > command requires scopes: ["email","openid","https://www.googleapis.com/auth/cloudplatformprojects.readonly","https://www.googleapis.com/auth/firebase"]
[debug] >>> HTTP REQUEST GET https://admin.firebase.com/v1/projects/ion-book 
[debug] <<< HTTP RESPONSE 200
[debug] >>> HTTP REQUEST GET https://admin.firebase.com/v1/database/ion-book/tokens 
[debug] <<< HTTP RESPONSE 200
[info] 
[info] === Deploying to 'ion-book'...
[info] 
[info] i  deploying database, hosting
[info] ✔  database: rules ready to deploy.
[info] i  hosting: preparing _site directory for upload...
[debug] >>> HTTP REQUEST PUT https://deploy.firebase.com/v1/hosting/ion-book/uploads/-KcOMue1nyP0-DU7n2mj?fileCount=105&message= 
